[2023-05-20 09:35:14.300] [WOSApplication] [debug] File logging level has been set to debug
[2023-05-20 09:35:14.300] [GalaxyAPI] [debug] Initializing Galaxy API...
[2023-05-20 09:35:14.329] [DirectorySource] [warning] Non-existent directory '../dungeons' was specified as resource path
[2023-05-20 09:35:14.472] [DiscordAPI] [debug] Initializing Discord API...
[2023-05-20 09:35:14.473] [DiscordAPI] [debug] Discord API initialized.
[2023-05-20 09:35:14.481] [WOSResourceManager] [debug] Loading bitmap font 'gfx/font.png'...
[2023-05-20 09:35:14.482] [WOSResourceManager] [debug] Loaded bitmap font 'gfx/font.png'.
[2023-05-20 09:35:14.482] [DataCompressor] [debug] Loading ZSTD dictionaries from 'zstd'
[2023-05-20 09:35:14.507] [ScriptManager] [debug] Loading script 'core.Init'...
[2023-05-20 09:35:14.508] [ScriptManager] [debug] Loading script 'core.Debug'...
[2023-05-20 09:35:14.508] [ScriptManager] [debug] Loading script 'core.Inspect'...
[2023-05-20 09:35:14.508] [ScriptManager] [debug] Loading script 'core.Logger'...
[2023-05-20 09:35:14.508] [ScriptManager] [debug] Loading script 'core.ReadOnlyGlobal'...
[2023-05-20 09:35:14.509] [ScriptManager] [debug] Loading script 'core.DefaultScriptProvider'...
[2023-05-20 09:35:14.509] [ScriptManager] [debug] Loading script 'core.ScriptProvider'...
[2023-05-20 09:35:14.509] [ScriptManager] [debug] Loading script 'core.SystemEvents'...
[2023-05-20 09:35:14.509] [ScriptManager] [debug] Loading script 'core.ScriptLoader'...
[2023-05-20 09:35:14.509] [ScriptManager] [debug] Loading script 'core.CoreUtils'...
[2023-05-20 09:35:14.509] [ScriptManager] [debug] Loading script 'core.EventRegistry'...
[2023-05-20 09:35:14.509] [ScriptManager] [debug] Loading script 'core.DependencyGraph'...
[2023-05-20 09:35:14.535] [ScriptManager] [debug] Loading script 'core.StandardLibrary'...
[2023-05-20 09:35:16.485] [ScriptManager] [debug] Loading script 'core.jit.p'...
[2023-05-20 09:35:16.486] [ScriptManager] [debug] Loading script 'core.jit.vmdef'...
[2023-05-20 09:35:16.486] [ScriptManager] [debug] Loading script 'core.jit.dump'...
[2023-05-20 09:35:16.515] [ScriptManager] [debug] Loading script 'lpeg'...
[2023-05-20 09:35:16.521] [ScriptManager] [debug] Loading script 'core.Sentinel'...
[2023-05-20 09:35:16.528] [ScriptManager] [debug] Initialization script executed successfully.
[2023-05-20 09:35:16.594] [ModPath] [debug] Loading unpackaged mods from 'C:\Users\USER\AppData\Local/NecroDancer/mods/'
[2023-05-20 09:35:16.594] [ModPath] [debug] Loading packaged mods from 'C:\Users\USER\AppData\Local/NecroDancer/mods/'
[2023-05-20 09:35:16.594] [ModPath] [debug] Loading packaged mods from 'C:\Users\USER\AppData\Local/NecroDancer/downloadedMods/'
[2023-05-20 09:35:16.594] [ModPath] [debug] Loading packaged mods from 'C:\Users\USER\AppData\Local/NecroDancer/dlc/'
[2023-05-20 09:35:17.168] [SavefileXML] [debug] Found fallback savedata: save_data.xml
[2023-05-20 09:35:17.173] [GalaxyClient] [debug] Attempting GOG Galaxy sign-in
[2023-05-20 09:35:17.173] [GalaxyAPI] [debug] Signing into Galaxy...
[2023-05-20 09:35:17.203] [ModLoader] [info] Mounting packed mod Amplified v3.6.0.4022
[2023-05-20 09:35:17.205] [ModLoader] [info] Mounting packed mod CharacterSkins v3.6.0.4022
[2023-05-20 09:35:17.206] [ModLoader] [info] Mounting packed mod DynChar v3.6.0.4022
[2023-05-20 09:35:17.209] [ModLoader] [info] Mounting packed mod Synchrony v3.6.0.4022
[2023-05-20 09:35:17.210] [ModLoader] [info] Mounting packed mod quirks v3.6.0.4022
[2023-05-20 09:35:19.637] [ScriptManager] [debug] Loading script 'lpeg'...
[2023-05-20 09:35:20.788] [WOSResourceManager] [debug] Loading bitmap font 'gfx/necro/font/necrosans-6.png'...
[2023-05-20 09:35:20.788] [WOSResourceManager] [debug] Loaded bitmap font 'gfx/necro/font/necrosans-6.png'.
[2023-05-20 09:35:20.788] [WOSResourceManager] [debug] Loading vector font 'ttf/Silver.ttf'...
[2023-05-20 09:35:20.818] [WOSResourceManager] [debug] Loaded vector font 'ttf/Silver.ttf'.
[2023-05-20 09:35:21.939] [ServerPersistence] [info] Restoring session from file 'autoSave.necrosave'...
[2023-05-20 09:35:21.942] [WOSResourceManager] [debug] Loading bitmap font 'gfx/necro/font/necrosans-12.png'...
[2023-05-20 09:35:21.942] [WOSResourceManager] [debug] Loaded bitmap font 'gfx/necro/font/necrosans-12.png'.
[2023-05-20 09:35:21.952] [WOSResourceManager] [debug] Loading bitmap font 'gfx/necro/font/necrosans-18.png'...
[2023-05-20 09:35:21.952] [WOSResourceManager] [debug] Loaded bitmap font 'gfx/necro/font/necrosans-18.png'.
[2023-05-20 09:35:22.285] [Rollback] [info] Applying snapshot: rollback limit changed to 188
[2023-05-20 09:35:22.285] [Performance] [warning] event.tick: 'processFastForward' took 222.950ms
[2023-05-20 09:35:22.489] [Performance] [warning] event.tick: 'processTurns' took 203.704ms
[2023-05-20 09:35:24.720] [ImagePreload] [info] Read 1573 images in 189ms
[2023-05-20 09:35:26.114] [ImagePreload] [info] Loaded 1573 images in 381ms
[2023-05-20 09:35:31.597] [AudioPreload] [info] Preloaded 2206 sounds in 394ms
[2023-05-20 09:35:32.183] [GalaxyAPI] [warning] Authentication failure (error code 1)
[2023-05-20 09:35:32.196] [GalaxyClient] [error] Failed to sign in to GOG Galaxy
[2023-05-20 09:35:52.760] [AutoSave] [info] Auto-saving session on exit...
[2023-05-20 09:35:52.765] [SnapshotRequest] [debug] Broadcasting game state snapshot
[2023-05-20 09:35:52.766] [AutoSave] [debug] Saving session 'autoSave'...
